#
# There is insufficient memory for the Java Runtime Environment to continue.
# Native memory allocation (mmap) failed to map 536870912 bytes for G1 virtual space
# Possible reasons:
#   The system is out of physical RAM or swap space
#   The process is running with CompressedOops enabled, and the Java Heap may be blocking the growth of the native heap
# Possible solutions:
#   Reduce memory load on the system
#   Increase physical memory or swap space
#   Check if swap backing store is full
#   Decrease Java heap size (-Xmx/-Xms)
#   Decrease number of Java threads
#   Decrease Java thread stack sizes (-Xss)
#   Set larger code cache with -XX:ReservedCodeCacheSize=
#   JVM is running with Zero Based Compressed Oops mode in which the Java heap is
#     placed in the first 32GB address space. The Java Heap base address is the
#     maximum limit for the native heap growth. Please use -XX:HeapBaseMinAddress
#     to set the Java Heap base and to place the Java Heap above 32GB virtual address.
# This output file may be truncated or incomplete.
#
#  Out of Memory Error (./open/src/hotspot/os/windows/os_windows.cpp:3472), pid=29000, tid=32216
#
# JRE version:  (15.0.1+9) (build )
# Java VM: OpenJDK 64-Bit Server VM (15.0.1+9-18, mixed mode, sharing, tiered, compressed oops, g1 gc, windows-amd64)
# No core dump will be written. Minidumps are not enabled by default on client versions of Windows
#

---------------  S U M M A R Y ------------

Command Line: -XX:+ShowCodeDetailsInExceptionMessages -agentlib:jdwp=transport=dt_socket,suspend=y,address=localhost:13375 -javaagent:C:\Users\H2O\eclipse\jee-2020-12\eclipse\configuration\org.eclipse.osgi\405\0\.cp\lib\javaagent-shaded.jar -Dfile.encoding=UTF-8 team4.cafe.orderMenu

Host: AMD Ryzen 5 2400G with Radeon Vega Graphics    , 8 cores, 31G,  Windows 10 , 64 bit Build 18362 (10.0.18362.959)
Time: Thu Jan 21 01:50:56 2021 ¢¥eCN©öI¡¾©ö C¡ÍA¨ª¨öA elapsed time: 0.056268 seconds (0d 0h 0m 0s)

---------------  T H R E A D  ---------------

Current thread (0x00000241ce8c5020):  JavaThread "Unknown thread" [_thread_in_vm, id=32216, stack(0x000000aee6900000,0x000000aee6a00000)]

Stack: [0x000000aee6900000,0x000000aee6a00000]
Native frames: (J=compiled Java code, j=interpreted, Vv=VM code, C=native code)
V  [jvm.dll+0x62ae9a]
V  [jvm.dll+0x781389]
V  [jvm.dll+0x782ae3]
V  [jvm.dll+0x783143]
V  [jvm.dll+0x216265]
V  [jvm.dll+0x6281d9]
V  [jvm.dll+0x61cd15]
V  [jvm.dll+0x2d01fd]
V  [jvm.dll+0x2d0062]
V  [jvm.dll+0x2d603c]
V  [jvm.dll+0x325b2a]
V  [jvm.dll+0x3251f4]
V  [jvm.dll+0x2a717a]
V  [jvm.dll+0x2a8318]
V  [jvm.dll+0x75e101]
V  [jvm.dll+0x3343e4]
V  [jvm.dll+0x73e826]
V  [jvm.dll+0x3b7777]
V  [jvm.dll+0x3b9201]
C  [jli.dll+0x52fb]
C  [ucrtbase.dll+0x20e82]
C  [KERNEL32.DLL+0x17bd4]
C  [ntdll.dll+0x6ce51]


---------------  P R O C E S S  ---------------

Threads class SMR info:
_java_thread_list=0x00007fffcb354ff0, length=0, elements={
}

Java Threads: ( => current thread )

Other Threads:
  0x00000241ce93c830 GCTaskThread "GC Thread#0" [stack: 0x000000aee6a00000,0x000000aee6b00000] [id=5756]
  0x00000241ce94ec40 ConcurrentGCThread "G1 Main Marker" [stack: 0x000000aee6b00000,0x000000aee6c00000] [id=71584]
  0x00000241ce94fee0 ConcurrentGCThread "G1 Conc#0" [stack: 0x000000aee6c00000,0x000000aee6d00000] [id=73256]

[error occurred during error reporting (printing all threads), id 0xc0000005, EXCEPTION_ACCESS_VIOLATION (0xc0000005) at pc=0x00007fffcab48047]

VM state: not at safepoint (not fully initialized)

VM Mutex/Monitor currently owned by a thread:  ([mutex/lock_event])
[0x00000241ce8c0dc0] Heap_lock - owner thread: 0x00000241ce8c5020

Heap address: 0x0000000600c00000, size: 8180 MB, Compressed Oops mode: Zero based, Oop shift amount: 3
CDS archive(s) mapped at: [0x0000000000000000-0x0000000000000000-0x0000000000000000), size 0, SharedBaseAddress: 0x0000000800000000, ArchiveRelocationMode: 0.
Narrow klass base: 0x0000000000000000, Narrow klass shift: 0, Narrow klass range: 0x0

Heap:
 garbage-first heap   total 524288K, used 0K [0x0000000600c00000, 0x0000000800000000)
  region size 4096K, 0 young (0K), 0 survivors (0K)
 Metaspace       used 0K, capacity 0K, committed 0K, reserved 0K
  class space    used 0K, capacity 0K, committed 0K, reserved 0K

Heap Regions: E=young(eden), S=young(survivor), O=old, HS=humongous(starts), HC=humongous(continues), CS=collection set, F=free, OA=open archive, CA=closed archive, TAMS=top-at-mark-start (previous, next)

Card table byte_map: [0x00000241e2600000,0x00000241e3600000] _byte_map_base: 0x00000241df5fa000

Marking Bits (Prev, Next): (CMBitMap*) 0x00000241ce93df40, (CMBitMap*) 0x00000241ce93df80
 Prev Bits: [0x00000241e4600000, 0x00000241ec5d0000)
 Next Bits: [0x00000241ec5d0000, 0x00000241f45a0000)

GC Heap History (0 events):
No events

Deoptimization events (0 events):
No events

Classes unloaded (0 events):
No events

Classes redefined (0 events):
No events

Internal exceptions (0 events):
No events

Events (1 events):
Event: 0.041 Loaded shared library C:\Users\H2O\.p2\pool\plugins\org.eclipse.justj.openjdk.hotspot.jre.full.win32.x86_64_15.0.1.v20201027-0507\jre\bin\java.dll


Dynamic libraries:
0x00007ff6fa9f0000 - 0x00007ff6fa9fd000 	C:\Users\H2O\.p2\pool\plugins\org.eclipse.justj.openjdk.hotspot.jre.full.win32.x86_64_15.0.1.v20201027-0507\jre\bin\javaw.exe
0x00007ffffe180000 - 0x00007ffffe370000 	C:\WINDOWS\SYSTEM32\ntdll.dll
0x00007ffffca90000 - 0x00007ffffcb42000 	C:\WINDOWS\System32\KERNEL32.DLL
0x00007ffffbc60000 - 0x00007ffffbf04000 	C:\WINDOWS\System32\KERNELBASE.dll
0x00007ffffbb40000 - 0x00007ffffbc3a000 	C:\WINDOWS\System32\ucrtbase.dll
0x00007fffec170000 - 0x00007fffec188000 	C:\Users\H2O\.p2\pool\plugins\org.eclipse.justj.openjdk.hotspot.jre.full.win32.x86_64_15.0.1.v20201027-0507\jre\bin\jli.dll
0x00007fffec150000 - 0x00007fffec169000 	C:\Users\H2O\.p2\pool\plugins\org.eclipse.justj.openjdk.hotspot.jre.full.win32.x86_64_15.0.1.v20201027-0507\jre\bin\VCRUNTIME140.dll
0x00007ffffd1a0000 - 0x00007ffffd334000 	C:\WINDOWS\System32\USER32.dll
0x00007ffffb100000 - 0x00007ffffb121000 	C:\WINDOWS\System32\win32u.dll
0x00007ffffe0a0000 - 0x00007ffffe0c6000 	C:\WINDOWS\System32\GDI32.dll
0x00007ffffb130000 - 0x00007ffffb2c6000 	C:\WINDOWS\System32\gdi32full.dll
0x00007ffffc110000 - 0x00007ffffc1ae000 	C:\WINDOWS\System32\msvcp_win.dll
0x00007fffe20a0000 - 0x00007fffe2324000 	C:\WINDOWS\WinSxS\amd64_microsoft.windows.common-controls_6595b64144ccf1df_6.0.18362.959_none_e6c7bbbf130c62bb\COMCTL32.dll
0x00007ffffd0d0000 - 0x00007ffffd16e000 	C:\WINDOWS\System32\msvcrt.dll
0x00007ffffd480000 - 0x00007ffffd7b5000 	C:\WINDOWS\System32\combase.dll
0x00007ffffd920000 - 0x00007ffffda40000 	C:\WINDOWS\System32\RPCRT4.dll
0x00007ffffc1b0000 - 0x00007ffffc230000 	C:\WINDOWS\System32\bcryptPrimitives.dll
0x00007ffffd7c0000 - 0x00007ffffd7ee000 	C:\WINDOWS\System32\IMM32.DLL
0x00007ffff2e60000 - 0x00007ffff2e6c000 	C:\Users\H2O\.p2\pool\plugins\org.eclipse.justj.openjdk.hotspot.jre.full.win32.x86_64_15.0.1.v20201027-0507\jre\bin\vcruntime140_1.dll
0x00007fffe9b30000 - 0x00007fffe9bc1000 	C:\Users\H2O\.p2\pool\plugins\org.eclipse.justj.openjdk.hotspot.jre.full.win32.x86_64_15.0.1.v20201027-0507\jre\bin\msvcp140.dll
0x00007fffca890000 - 0x00007fffcb3ee000 	C:\Users\H2O\.p2\pool\plugins\org.eclipse.justj.openjdk.hotspot.jre.full.win32.x86_64_15.0.1.v20201027-0507\jre\bin\server\jvm.dll
0x00007ffffdb80000 - 0x00007ffffdc23000 	C:\WINDOWS\System32\ADVAPI32.dll
0x00007ffffcc10000 - 0x00007ffffcca7000 	C:\WINDOWS\System32\sechost.dll
0x00007ffffd170000 - 0x00007ffffd178000 	C:\WINDOWS\System32\PSAPI.DLL
0x00007ffff4510000 - 0x00007ffff4519000 	C:\WINDOWS\SYSTEM32\WSOCK32.dll
0x00007ffff7b80000 - 0x00007ffff7ba4000 	C:\WINDOWS\SYSTEM32\WINMM.dll
0x00007ffff4810000 - 0x00007ffff481a000 	C:\WINDOWS\SYSTEM32\VERSION.dll
0x00007ffffe0d0000 - 0x00007ffffe13f000 	C:\WINDOWS\System32\WS2_32.dll
0x00007ffff7b50000 - 0x00007ffff7b7d000 	C:\WINDOWS\SYSTEM32\winmmbase.dll
0x00007ffffc060000 - 0x00007ffffc0aa000 	C:\WINDOWS\System32\cfgmgr32.dll
0x00007ffffb040000 - 0x00007ffffb051000 	C:\WINDOWS\System32\kernel.appcore.dll
0x00007ffff2c10000 - 0x00007ffff2c1a000 	C:\Users\H2O\.p2\pool\plugins\org.eclipse.justj.openjdk.hotspot.jre.full.win32.x86_64_15.0.1.v20201027-0507\jre\bin\jimage.dll
0x00007fffee460000 - 0x00007fffee654000 	C:\WINDOWS\SYSTEM32\DBGHELP.DLL
0x00007fffee3b0000 - 0x00007fffee3da000 	C:\WINDOWS\SYSTEM32\dbgcore.DLL
0x00007fffe9fe0000 - 0x00007fffea019000 	C:\Users\H2O\.p2\pool\plugins\org.eclipse.justj.openjdk.hotspot.jre.full.win32.x86_64_15.0.1.v20201027-0507\jre\bin\jdwp.dll
0x00007ffff2c20000 - 0x00007ffff2c2e000 	C:\Users\H2O\.p2\pool\plugins\org.eclipse.justj.openjdk.hotspot.jre.full.win32.x86_64_15.0.1.v20201027-0507\jre\bin\instrument.dll
0x00007fffeb3a0000 - 0x00007fffeb3c5000 	C:\Users\H2O\.p2\pool\plugins\org.eclipse.justj.openjdk.hotspot.jre.full.win32.x86_64_15.0.1.v20201027-0507\jre\bin\java.dll

dbghelp: loaded successfully - version: 4.0.5 - missing functions: none
symbol engine: initialized successfully - sym options: 0x614 - pdb path: .;C:\Users\H2O\.p2\pool\plugins\org.eclipse.justj.openjdk.hotspot.jre.full.win32.x86_64_15.0.1.v20201027-0507\jre\bin;C:\WINDOWS\SYSTEM32;C:\WINDOWS\WinSxS\amd64_microsoft.windows.common-controls_6595b64144ccf1df_6.0.18362.959_none_e6c7bbbf130c62bb;C:\Users\H2O\.p2\pool\plugins\org.eclipse.justj.openjdk.hotspot.jre.full.win32.x86_64_15.0.1.v20201027-0507\jre\bin\server

VM Arguments:
jvm_args: -XX:+ShowCodeDetailsInExceptionMessages -agentlib:jdwp=transport=dt_socket,suspend=y,address=localhost:13375 -javaagent:C:\Users\H2O\eclipse\jee-2020-12\eclipse\configuration\org.eclipse.osgi\405\0\.cp\lib\javaagent-shaded.jar -Dfile.encoding=UTF-8 
java_command: team4.cafe.orderMenu
java_class_path (initial): C:\Users\H2O\eclipse-workspace\team4\bin
Launcher Type: SUN_STANDARD

[Global flags]
     intx CICompilerCount                          = 4                                         {product} {ergonomic}
     uint ConcGCThreads                            = 2                                         {product} {ergonomic}
     uint G1ConcRefinementThreads                  = 8                                         {product} {ergonomic}
   size_t G1HeapRegionSize                         = 4194304                                   {product} {ergonomic}
    uintx GCDrainStackTargetSize                   = 64                                        {product} {ergonomic}
   size_t InitialHeapSize                          = 536870912                                 {product} {ergonomic}
   size_t MarkStackSize                            = 4194304                                   {product} {ergonomic}
   size_t MaxHeapSize                              = 8577351680                                {product} {ergonomic}
   size_t MinHeapDeltaBytes                        = 4194304                                   {product} {ergonomic}
   size_t MinHeapSize                              = 8388608                                   {product} {ergonomic}
    uintx NonNMethodCodeHeapSize                   = 5839372                                {pd product} {ergonomic}
    uintx NonProfiledCodeHeapSize                  = 122909434                              {pd product} {ergonomic}
    uintx ProfiledCodeHeapSize                     = 122909434                              {pd product} {ergonomic}
    uintx ReservedCodeCacheSize                    = 251658240                              {pd product} {ergonomic}
     bool SegmentedCodeCache                       = true                                      {product} {ergonomic}
     bool ShowCodeDetailsInExceptionMessages       = true                                   {manageable} {command line}
   size_t SoftMaxHeapSize                          = 8577351680                             {manageable} {ergonomic}
     bool UseCompressedClassPointers               = true                                 {lp64_product} {ergonomic}
     bool UseCompressedOops                        = true                                 {lp64_product} {ergonomic}
     bool UseG1GC                                  = true                                      {product} {ergonomic}
     bool UseLargePagesIndividualAllocation        = false                                  {pd product} {ergonomic}

Logging:
Log output configuration:
 #0: stdout all=warning uptime,level,tags
 #1: stderr all=off uptime,level,tags

Environment Variables:
PATH=C:\Users\H2O\.p2\pool\plugins\org.eclipse.justj.openjdk.hotspot.jre.full.win32.x86_64_15.0.1.v20201027-0507\jre\bin;C:/Users/H2O/.p2/pool/plugins/org.eclipse.justj.openjdk.hotspot.jre.full.win32.x86_64_15.0.1.v20201027-0507/jre/bin/server;C:/Users/H2O/.p2/pool/plugins/org.eclipse.justj.openjdk.hotspot.jre.full.win32.x86_64_15.0.1.v20201027-0507/jre/bin;C:\WINDOWS\system32;C:\WINDOWS;C:\WINDOWS\System32\Wbem;C:\WINDOWS\System32\WindowsPowerShell\v1.0\;C:\WINDOWS\System32\OpenSSH\;C:\Program Files\ojdkbuild\java-1.8.0-openjdk-1.8.0.275-1\bin;C:\Program Files\ojdkbuild\java-1.8.0-openjdk-1.8.0.275-1\jre\bin;C:\Users\H2O\AppData\Local\Microsoft\WindowsApps;;C:\Users\H2O\Desktop;
USERNAME=H2O
OS=Windows_NT
PROCESSOR_IDENTIFIER=AMD64 Family 23 Model 17 Stepping 0, AuthenticAMD



---------------  S Y S T E M  ---------------

OS:
 Windows 10 , 64 bit Build 18362 (10.0.18362.959)
OS uptime: 93 days 1:19 hours

CPU: total 8 (initial active 8) (8 cores per cpu, 2 threads per core) family 23 model 17 stepping 0 microcode 0x0, cmov, cx8, fxsr, mmx, sse, sse2, sse3, ssse3, sse4.1, sse4.2, popcnt, vzeroupper, avx, avx2, aes, clmul, 3dnowpref, lzcnt, sse4a, ht, tsc, tscinvbit, tscinv, bmi1, bmi2, adx, sha, fma, clflush, clflushopt

Memory: 4k page, system-wide physical 32716M (3700M free)
TotalPageFile size 92256M (AvailPageFile size 160M)
current process WorkingSet (physical memory assigned to process): 11M, peak: 11M
current process commit charge ("private bytes"): 60M, peak: 572M

vm_info: OpenJDK 64-Bit Server VM (15.0.1+9-18) for windows-amd64 JRE (15.0.1+9-18), built on Sep 15 2020 14:39:31 by "mach5one" with unknown MS VC++:1925

END.
